<?xml version="1.0" encoding="UTF-8"?>
<testng-results skipped="0" failed="0" ignored="0" total="4" passed="4">
  <reporter-output>
  </reporter-output>
  <suite name="Surefire suite" duration-ms="63660" started-at="2023-02-26T19:35:17 EST" finished-at="2023-02-26T19:36:21 EST">
    <groups>
      <group name="cucumber">
        <method signature="AbstractTestNGCucumberTests.runScenario(io.cucumber.testng.PickleWrapper, io.cucumber.testng.FeatureWrapper)[pri:0, instance:TestRunner@5fd85d]" name="runScenario" class="io.cucumber.testng.AbstractTestNGCucumberTests"/>
      </group> <!-- cucumber -->
    </groups>
    <test name="Surefire test" duration-ms="63660" started-at="2023-02-26T19:35:17 EST" finished-at="2023-02-26T19:36:21 EST">
      <class name="TestRunner">
        <test-method status="PASS" signature="setUpClass()[pri:0, instance:TestRunner@5fd85d]" name="setUpClass" is-config="true" duration-ms="606" started-at="2023-02-26T19:35:17 EST" finished-at="2023-02-26T19:35:18 EST">
          <reporter-output>
          </reporter-output>
        </test-method> <!-- setUpClass -->
        <test-method status="PASS" signature="runScenario(io.cucumber.testng.PickleWrapper, io.cucumber.testng.FeatureWrapper)[pri:0, instance:TestRunner@5fd85d]" name="runScenario" duration-ms="10045" started-at="2023-02-26T19:35:18 EST" description="Runs Cucumber Scenarios" data-provider="scenarios" finished-at="2023-02-26T19:35:28 EST">
          <params>
            <param index="0">
              <value>
                <![CDATA["user able to login with valid email and password"]]>
              </value>
            </param>
            <param index="1">
              <value>
                <![CDATA["Optional[login.feature]"]]>
              </value>
            </param>
          </params>
          <reporter-output>
          </reporter-output>
        </test-method> <!-- runScenario -->
        <test-method status="PASS" signature="runScenario(io.cucumber.testng.PickleWrapper, io.cucumber.testng.FeatureWrapper)[pri:0, instance:TestRunner@5fd85d]" name="runScenario" duration-ms="8688" started-at="2023-02-26T19:35:28 EST" description="Runs Cucumber Scenarios" data-provider="scenarios" finished-at="2023-02-26T19:35:36 EST">
          <params>
            <param index="0">
              <value>
                <![CDATA["user should not able to login with valid email and invalid password"]]>
              </value>
            </param>
            <param index="1">
              <value>
                <![CDATA["Optional[login.feature]"]]>
              </value>
            </param>
          </params>
          <reporter-output>
          </reporter-output>
        </test-method> <!-- runScenario -->
        <test-method status="PASS" signature="runScenario(io.cucumber.testng.PickleWrapper, io.cucumber.testng.FeatureWrapper)[pri:0, instance:TestRunner@5fd85d]" name="runScenario" duration-ms="9626" started-at="2023-02-26T19:35:36 EST" description="Runs Cucumber Scenarios" data-provider="scenarios" finished-at="2023-02-26T19:35:46 EST">
          <params>
            <param index="0">
              <value>
                <![CDATA["user should not able to login with invalid email and valid password"]]>
              </value>
            </param>
            <param index="1">
              <value>
                <![CDATA["Optional[login.feature]"]]>
              </value>
            </param>
          </params>
          <reporter-output>
          </reporter-output>
        </test-method> <!-- runScenario -->
        <test-method status="PASS" signature="runScenario(io.cucumber.testng.PickleWrapper, io.cucumber.testng.FeatureWrapper)[pri:0, instance:TestRunner@5fd85d]" name="runScenario" duration-ms="34383" started-at="2023-02-26T19:35:46 EST" description="Runs Cucumber Scenarios" data-provider="scenarios" finished-at="2023-02-26T19:36:20 EST">
          <params>
            <param index="0">
              <value>
                <![CDATA["user should not able to login with invalid email and invalid password"]]>
              </value>
            </param>
            <param index="1">
              <value>
                <![CDATA["Optional[login.feature]"]]>
              </value>
            </param>
          </params>
          <reporter-output>
          </reporter-output>
        </test-method> <!-- runScenario -->
        <test-method status="PASS" signature="tearDownClass()[pri:0, instance:TestRunner@5fd85d]" name="tearDownClass" is-config="true" duration-ms="230" started-at="2023-02-26T19:36:20 EST" finished-at="2023-02-26T19:36:21 EST">
          <reporter-output>
          </reporter-output>
        </test-method> <!-- tearDownClass -->
      </class> <!-- TestRunner -->
    </test> <!-- Surefire test -->
  </suite> <!-- Surefire suite -->
</testng-results>
